\BOOKMARK [1][-]{section.1}{Introduction}{}% 1
\BOOKMARK [1][-]{section.2}{The full order model: entropy stable finite volume schemes}{}% 2
\BOOKMARK [2][-]{subsection.2.1}{Viscosity and entropy dissipation}{section.2}% 3
\BOOKMARK [1][-]{section.3}{An entropy conservative reduced order model}{}% 4
\BOOKMARK [1][-]{section.4}{Entropy conservative hyper-reduction}{}% 5
\BOOKMARK [2][-]{subsection.4.1}{Two-step hyper-reduction: compress and project}{section.4}% 6
\BOOKMARK [3][-]{subsubsection.4.1.1}{Choice of test basis}{subsection.4.1}% 7
\BOOKMARK [2][-]{subsection.4.2}{Hyper-reduction algorithm and target space}{section.4}% 8
\BOOKMARK [2][-]{subsection.4.3}{Conditioning of the test mass matrix}{section.4}% 9
\BOOKMARK [2][-]{subsection.4.4}{An entropy conservative hyper-reduced model on periodic domains}{section.4}% 10
\BOOKMARK [2][-]{subsection.4.5}{Online cost estimates for the hyper-reduced system}{section.4}% 11
\BOOKMARK [2][-]{subsection.4.6}{Hyper-reduction and entropy dissipation}{section.4}% 12
\BOOKMARK [1][-]{section.5}{Weak imposition of boundary conditions}{}% 13
\BOOKMARK [1][-]{section.6}{Extension to higher dimensions}{}% 14
\BOOKMARK [2][-]{subsection.6.1}{Periodic domains}{section.6}% 15
\BOOKMARK [2][-]{subsection.6.2}{Non-periodic domains in higher dimensions}{section.6}% 16
\BOOKMARK [1][-]{section.7}{Numerical experiments}{}% 17
\BOOKMARK [2][-]{subsection.7.1}{1D Euler equations}{section.7}% 18
\BOOKMARK [2][-]{subsection.7.2}{2D Euler equations}{section.7}% 19
\BOOKMARK [2][-]{subsection.7.3}{blueOn computational performance}{section.7}% 20
\BOOKMARK [1][-]{section.8}{Conclusion}{}% 21
\BOOKMARK [1][-]{section.9}{Acknowledgments}{}% 22
