\BOOKMARK [1][-]{section.1}{Introduction}{}% 1
\BOOKMARK [1][-]{section.2}{Multi-patch\040discontinuous\040Galerkin\040formulations}{}% 2
\BOOKMARK [2][-]{subsection.2.1}{Formulation\040for\040linear\040advection}{section.2}% 3
\BOOKMARK [2][-]{subsection.2.2}{First\040order\040formulation\040of\040the\040acoustic\040wave\040equation}{section.2}% 4
\BOOKMARK [2][-]{subsection.2.3}{Second\040order\040formulation\040of\040the\040acoustic\040wave\040equation}{section.2}% 5
\BOOKMARK [1][-]{section.3}{B-spline\040bases}{}% 6
\BOOKMARK [2][-]{subsection.3.1}{Higher\040dimensional\040splines\040and\040approximation\040spaces}{section.3}% 7
\BOOKMARK [2][-]{subsection.3.2}{Approximation\040properties\040and\040optimal\040knot\040vectors}{section.3}% 8
\BOOKMARK [2][-]{subsection.3.3}{Knot\040smoothing}{section.3}% 9
\BOOKMARK [1][-]{section.4}{Method\040of\040lines\040discretization\040in\040time}{}% 10
\BOOKMARK [2][-]{subsection.4.1}{Efficient\040inversion\040of\040mass\040matrices}{section.4}% 11
\BOOKMARK [3][-]{subsubsection.4.1.1}{NURBS\040basis\040functions\040and\040mass\040matrices}{subsection.4.1}% 12
\BOOKMARK [2][-]{subsection.4.2}{Stable\040timestep\040restrictions}{section.4}% 13
\BOOKMARK [3][-]{subsubsection.4.2.1}{Constants\040in\040trace\040and\040inverse\040inequalities\040for\040spline\040spaces}{subsection.4.2}% 14
\BOOKMARK [3][-]{subsubsection.4.2.2}{Numerically\040computed\040constants}{subsection.4.2}% 15
\BOOKMARK [2][-]{subsection.4.3}{On\040the\040CFL\040restriction\040for\040piecewise\040polynomial\040and\040spline\040finite\040elements:\040h\040vs\040p\040methods}{section.4}% 16
\BOOKMARK [1][-]{section.5}{Numerical\040experiments}{}% 17
\BOOKMARK [2][-]{subsection.5.1}{One\040dimensional\040experiments}{section.5}% 18
\BOOKMARK [2][-]{subsection.5.2}{Approximation\040of\040oscillatory\040functions\040using\040uniform,\040optimal,\040and\040smoothed\040knot\040vectors}{section.5}% 19
\BOOKMARK [2][-]{subsection.5.3}{Two-dimensional\040experiments}{section.5}% 20
\BOOKMARK [3][-]{subsubsection.5.3.1}{Approximation\040errors\040under\040degree\040refinement}{subsection.5.3}% 21
\BOOKMARK [3][-]{subsubsection.5.3.2}{L2\040errors\040for\040multi-patch\040DG\040solutions\040}{subsection.5.3}% 22
\BOOKMARK [2][-]{subsection.5.4}{Spectral\040properties\040of\040spline\040discretizations\040of\040the\040advection\040and\040first-order\040acoustic\040wave\040equation}{section.5}% 23
\BOOKMARK [3][-]{subsubsection.5.4.1}{Spectral\040radius\040of\040the\040discretization\040matrix}{subsection.5.4}% 24
\BOOKMARK [3][-]{subsubsection.5.4.2}{Discrete\040dispersion\040relations\040}{subsection.5.4}% 25
\BOOKMARK [2][-]{subsection.5.5}{Spectral\040properties\040of\040spline\040discretizations\040of\040the\040second-order\040acoustic\040wave\040equation}{section.5}% 26
\BOOKMARK [2][-]{subsection.5.6}{A\040three-dimensional\040problem\040on\040a\040multi-patch\040geometry}{section.5}% 27
\BOOKMARK [1][-]{section.6}{Conclusions}{}% 28
\BOOKMARK [1][-]{section.7}{Acknowledgments}{}% 29
